<?xml version="1.0" encoding="UTF-8"?>
<!-- Generated by org.testng.reporters.JUnitXMLReporter -->
<testsuite ignored="6" hostname="LAPTOP-A9I32LNM" failures="0" tests="1" name="Default test" time="14.95" errors="0" timestamp="2024-11-11T22:06:30 EST">
  <testcase classname="allPageTestIng.Home_Page_Testing" name="clickAboutUsTest" time="10.431"/>
  <testcase classname="allPageTestIng.Home_Page_Testing" name="clickEnrollTest" time="0.0">
    <ignored/>
  </testcase> <!-- clickEnrollTest -->
  <testcase classname="allPageTestIng.Home_Page_Testing" name="clickLogoTest" time="0.0">
    <ignored/>
  </testcase> <!-- clickLogoTest -->
  <testcase classname="allPageTestIng.Home_Page_Testing" name="clickMentoresTest" time="0.0">
    <ignored/>
  </testcase> <!-- clickMentoresTest -->
  <testcase classname="allPageTestIng.Home_Page_Testing" name="clickUserEmailsTest" time="0.0">
    <ignored/>
  </testcase> <!-- clickUserEmailsTest -->
  <testcase classname="allPageTestIng.Home_Page_Testing" name="clickLoginTest" time="0.0">
    <ignored/>
  </testcase> <!-- clickLoginTest -->
  <testcase classname="allPageTestIng.Home_Page_Testing" name="clickCoursesTest" time="0.0">
    <ignored/>
  </testcase> <!-- clickCoursesTest -->
</testsuite> <!-- Default test -->
