<?xml version="1.0" encoding="UTF-8"?>
<!-- Generated by org.testng.reporters.JUnitXMLReporter -->
<testsuite ignored="6" hostname="LAPTOP-A9I32LNM" failures="0" tests="1" name="Default test" time="136.985" errors="0" timestamp="2024-11-30T00:28:35 EST">
  <testcase classname="allPageTestIng.HomePageTesting" name="clickAutomationEnrollNowtest" time="132.041"/>
  <testcase classname="allPageTestIng.HomePageTesting" name="clickLogoTest" time="0.0">
    <ignored/>
  </testcase> <!-- clickLogoTest -->
  <testcase classname="allPageTestIng.HomePageTesting" name="clickAboutUsTest" time="0.0">
    <ignored/>
  </testcase> <!-- clickAboutUsTest -->
  <testcase classname="allPageTestIng.HomePageTesting" name="clickCoursesTest" time="0.0">
    <ignored/>
  </testcase> <!-- clickCoursesTest -->
  <testcase classname="allPageTestIng.HomePageTesting" name="clickLoginTest" time="0.0">
    <ignored/>
  </testcase> <!-- clickLoginTest -->
  <testcase classname="allPageTestIng.HomePageTesting" name="clickMentoresTest" time="0.0">
    <ignored/>
  </testcase> <!-- clickMentoresTest -->
  <testcase classname="allPageTestIng.HomePageTesting" name="clickEnrollTest" time="0.0">
    <ignored/>
  </testcase> <!-- clickEnrollTest -->
</testsuite> <!-- Default test -->
