<?xml version="1.0" encoding="UTF-8"?>
<!-- Generated by org.testng.reporters.JUnitXMLReporter -->
<testsuite ignored="1" hostname="LAPTOP-A9I32LNM" failures="0" tests="1" name="Default test" time="20.123" errors="0" timestamp="2024-11-09T12:36:46 EST">
  <testcase classname="allPageTestIng.Home_Page_Testing" name="clickLogoTest" time="11.293"/>
  <testcase classname="allPageTestIng.Home_Page_Testing" name="clickUserIdTest" time="0.0">
    <ignored/>
  </testcase> <!-- clickUserIdTest -->
</testsuite> <!-- Default test -->
