<?xml version="1.0" encoding="UTF-8"?>
<testng-results ignored="6" total="7" passed="1" failed="0" skipped="0">
  <reporter-output>
    <line>
      <![CDATA[Sleeping ... zZz 2000<br>]]>
    </line>
    <line>
      <![CDATA[[[ChromeDriver: chrome on windows (4c95eb742a135053d00f9bd0c7105754)] -> id: login-link]<--------> has been clicked<br>]]>
    </line>
    <line>
      <![CDATA[Sleeping ... zZz 2000<br>]]>
    </line>
    <line>
      <![CDATA[Sleeping ... zZz 2000<br>]]>
    </line>
    <line>
      <![CDATA[[[ChromeDriver: chrome on windows (4c95eb742a135053d00f9bd0c7105754)] -> xpath: //input[@id='emails' and @class='form-control form-control-lg']]<--------> has been clicked<br>]]>
    </line>
    <line>
      <![CDATA[Sleeping ... zZz 2000<br>]]>
    </line>
    <line>
      <![CDATA[Sleeping ... zZz 2000<br>]]>
    </line>
    <line>
      <![CDATA[[[ChromeDriver: chrome on windows (4c95eb742a135053d00f9bd0c7105754)] -> xpath: //*[@id='password' and @class='form-control form-control-lg']]<--------> has been clicked<br>]]>
    </line>
    <line>
      <![CDATA[Sleeping ... zZz 2000<br>]]>
    </line>
    <line>
      <![CDATA[Sleeping ... zZz 2000<br>]]>
    </line>
    <line>
      <![CDATA[Proxy element for: DefaultElementLocator 'By.xpath: //*[@id='login' and@class='btn btn-lg px-5']'<--------> has been clicked<br>]]>
    </line>
    <line>
      <![CDATA[Sleeping ... zZz 3000<br>]]>
    </line>
    <line>
      <![CDATA[[[ChromeDriver: chrome on windows (4c95eb742a135053d00f9bd0c7105754)] -> xpath: //span[text()='Automation']]<--------> has been clicked<br>]]>
    </line>
    <line>
      <![CDATA[Sleeping ... zZz 2000<br>]]>
    </line>
    <line>
      <![CDATA[Sleeping ... zZz 3000<br>]]>
    </line>
    <line>
      <![CDATA[[[ChromeDriver: chrome on windows (4c95eb742a135053d00f9bd0c7105754)] -> xpath: //a[text()='Enroll Now']]<--------> has been clicked<br>]]>
    </line>
    <line>
      <![CDATA[Total Windows Opened: 2<br>]]>
    </line>
    <line>
      <![CDATA[ The Window moved to --> 0D4D04BA3F75A4344FC190383AB19327<br>]]>
    </line>
    <line>
      <![CDATA[Sleeping ... zZz 2000<br>]]>
    </line>
    <line>
      <![CDATA[[[ChromeDriver: chrome on windows (4c95eb742a135053d00f9bd0c7105754)] -> xpath: //input[@name='f_name']]<--------> has been clicked<br>]]>
    </line>
    <line>
      <![CDATA[Sleeping ... zZz 2000<br>]]>
    </line>
    <line>
      <![CDATA[Shuvo <-----> has been put into <-----> [[ChromeDriver: chrome on windows (4c95eb742a135053d00f9bd0c7105754)] -> xpath: //input[@name='f_name']] and then clicked by Enter Key<br>]]>
    </line>
    <line>
      <![CDATA[Sleeping ... zZz 2000<br>]]>
    </line>
    <line>
      <![CDATA[M <-----> has been put into <-----> [[ChromeDriver: chrome on windows (4c95eb742a135053d00f9bd0c7105754)] -> xpath: //input[@name='m_name']] and then clicked by Enter Key<br>]]>
    </line>
    <line>
      <![CDATA[Sleeping ... zZz 2000<br>]]>
    </line>
    <line>
      <![CDATA[Mirza <-----> has been put into <-----> [[ChromeDriver: chrome on windows (4c95eb742a135053d00f9bd0c7105754)] -> xpath: //input[@name='l_name' and @class='form-control']]<br>]]>
    </line>
    <line>
      <![CDATA[Sleeping ... zZz 2000<br>]]>
    </line>
    <line>
      <![CDATA[a Student is present in the dropdpwn<br>]]>
    </line>
    <line>
      <![CDATA[Sleeping ... zZz 2000<br>]]>
    </line>
    <line>
      <![CDATA[a Staff is present in the dropdpwn<br>]]>
    </line>
    <line>
      <![CDATA[Sleeping ... zZz 2000<br>]]>
    </line>
    <line>
      <![CDATA[Employed is present in the dropdpwn<br>]]>
    </line>
    <line>
      <![CDATA[Sleeping ... zZz 2000<br>]]>
    </line>
    <line>
      <![CDATA[Unemployed is present in the dropdpwn<br>]]>
    </line>
    <line>
      <![CDATA[Sleeping ... zZz 2000<br>]]>
    </line>
    <line>
      <![CDATA[Other is present in the dropdpwn<br>]]>
    </line>
    <line>
      <![CDATA[Sleeping ... zZz 2000<br>]]>
    </line>
    <line>
      <![CDATA[Total Element: 5 is present in the dropdown<br>]]>
    </line>
    <line>
      <![CDATA[Sleeping ... zZz 2000<br>]]>
    </line>
    <line>
      <![CDATA[a Student has been selected from the dropdown of ---> [[ChromeDriver: chrome on windows (4c95eb742a135053d00f9bd0c7105754)] -> xpath: //select[@name='i_am']]<br>]]>
    </line>
    <line>
      <![CDATA[Sleeping ... zZz 2000<br>]]>
    </line>
    <line>
      <![CDATA[Python is present in the dropdpwn<br>]]>
    </line>
    <line>
      <![CDATA[Sleeping ... zZz 2000<br>]]>
    </line>
    <line>
      <![CDATA[Django is present in the dropdpwn<br>]]>
    </line>
    <line>
      <![CDATA[Sleeping ... zZz 2000<br>]]>
    </line>
    <line>
      <![CDATA[Total Element: 2 is present in the dropdown<br>]]>
    </line>
    <line>
      <![CDATA[Sleeping ... zZz 2000<br>]]>
    </line>
    <line>
      <![CDATA[Python has been selected from the dropdown of ---> [[ChromeDriver: chrome on windows (4c95eb742a135053d00f9bd0c7105754)] -> xpath: //*[@name='course_wish_to_enroll' and @class='form-control']]<br>]]>
    </line>
    <line>
      <![CDATA[Sleeping ... zZz 2000<br>]]>
    </line>
    <line>
      <![CDATA[9293306564 <-----> has been put into <-----> [[ChromeDriver: chrome on windows (4c95eb742a135053d00f9bd0c7105754)] -> xpath: //input[@name='phone']] and then clicked by Enter Key<br>]]>
    </line>
    <line>
      <![CDATA[Sleeping ... zZz 2000<br>]]>
    </line>
    <line>
      <![CDATA[MirzaShuvo79@gmail.com <-----> has been put into <-----> [[ChromeDriver: chrome on windows (4c95eb742a135053d00f9bd0c7105754)] -> xpath: //input[@id='id_email' and @name='email']] and then clicked by Enter Key<br>]]>
    </line>
    <line>
      <![CDATA[Sleeping ... zZz 2000<br>]]>
    </line>
    <line>
      <![CDATA[Muktar2024$ <-----> has been put into <-----> [[ChromeDriver: chrome on windows (4c95eb742a135053d00f9bd0c7105754)] -> xpath: //input[@id='id_password']] and then clicked by Enter Key<br>]]>
    </line>
    <line>
      <![CDATA[Sleeping ... zZz 2000<br>]]>
    </line>
    <line>
      <![CDATA[Male has been selected from the dropdown of ---> [[ChromeDriver: chrome on windows (4c95eb742a135053d00f9bd0c7105754)] -> xpath: //select[@id='id_gender']]<br>]]>
    </line>
    <line>
      <![CDATA[Sleeping ... zZz 2000<br>]]>
    </line>
    <line>
      <![CDATA[Screenshot cannot be captured<br>]]>
    </line>
    <line>
      <![CDATA[Sleeping ... zZz 2000<br>]]>
    </line>
    <line>
      <![CDATA[1989 has been selected from the dropdown of ---> [[ChromeDriver: chrome on windows (4c95eb742a135053d00f9bd0c7105754)] -> xpath: //select[@name='birth_year']]<br>]]>
    </line>
    <line>
      <![CDATA[Sleeping ... zZz 2000<br>]]>
    </line>
    <line>
      <![CDATA[December has been selected from the dropdown of ---> [[ChromeDriver: chrome on windows (4c95eb742a135053d00f9bd0c7105754)] -> xpath: //select[@name='birth_month']]<br>]]>
    </line>
    <line>
      <![CDATA[Sleeping ... zZz 2000<br>]]>
    </line>
    <line>
      <![CDATA[16 <-----> has been put into <-----> [[ChromeDriver: chrome on windows (4c95eb742a135053d00f9bd0c7105754)] -> xpath: //select[@name='birth_date']] and then clicked by Enter Key<br>]]>
    </line>
    <line>
      <![CDATA[Sleeping ... zZz 2000<br>]]>
    </line>
    <line>
      <![CDATA[2268 Seward Ave <-----> has been put into <-----> [[ChromeDriver: chrome on windows (4c95eb742a135053d00f9bd0c7105754)] -> xpath: //input[@name='home_address_line_1']] and then clicked by Enter Key<br>]]>
    </line>
    <line>
      <![CDATA[Sleeping ... zZz 2000<br>]]>
    </line>
    <line>
      <![CDATA[Apt 3 <-----> has been put into <-----> [[ChromeDriver: chrome on windows (4c95eb742a135053d00f9bd0c7105754)] -> xpath: //input[@name='home_address_line_2']] and then clicked by Enter Key<br>]]>
    </line>
    <line>
      <![CDATA[Sleeping ... zZz 2000<br>]]>
    </line>
    <line>
      <![CDATA[Bronx <-----> has been put into <-----> [[ChromeDriver: chrome on windows (4c95eb742a135053d00f9bd0c7105754)] -> xpath: //input[@id='id_city']] and then clicked by Enter Key<br>]]>
    </line>
    <line>
      <![CDATA[Sleeping ... zZz 2000<br>]]>
    </line>
    <line>
      <![CDATA[New York <-----> has been put into <-----> [[ChromeDriver: chrome on windows (4c95eb742a135053d00f9bd0c7105754)] -> xpath: //select[@id='id_state']] and then clicked by Enter Key<br>]]>
    </line>
    <line>
      <![CDATA[Sleeping ... zZz 2000<br>]]>
    </line>
    <line>
      <![CDATA[10473 <-----> has been put into <-----> [[ChromeDriver: chrome on windows (4c95eb742a135053d00f9bd0c7105754)] -> xpath: //input[@name='zip_code']] and then clicked by Enter Key<br>]]>
    </line>
    <line>
      <![CDATA[Sleeping ... zZz 2000<br>]]>
    </line>
    <line>
      <![CDATA[Citizen <-----> has been put into <-----> [[ChromeDriver: chrome on windows (4c95eb742a135053d00f9bd0c7105754)] -> xpath: //select[@name='immigration_status']] and then clicked by Enter Key<br>]]>
    </line>
    <line>
      <![CDATA[Sleeping ... zZz 2000<br>]]>
    </line>
    <line>
      <![CDATA[24th Jan 2013 <-----> has been put into <-----> [[ChromeDriver: chrome on windows (4c95eb742a135053d00f9bd0c7105754)] -> xpath: //input[@name='arrival_date']] and then clicked by Enter Key<br>]]>
    </line>
    <line>
      <![CDATA[Sleeping ... zZz 2000<br>]]>
    </line>
    <line>
      <![CDATA[9293306564 <-----> has been put into <-----> [[ChromeDriver: chrome on windows (4c95eb742a135053d00f9bd0c7105754)] -> xpath: //input[@id='id_emergency_contact']] and then clicked by Enter Key<br>]]>
    </line>
    <line>
      <![CDATA[Sleeping ... zZz 2000<br>]]>
    </line>
    <line>
      <![CDATA[Friends <-----> has been put into <-----> [[ChromeDriver: chrome on windows (4c95eb742a135053d00f9bd0c7105754)] -> xpath: //input[@id='id_know_us']] and then clicked by Enter Key<br>]]>
    </line>
    <line>
      <![CDATA[Sleeping ... zZz 2000<br>]]>
    </line>
    <line>
      <![CDATA[Graduate <-----> has been put into <-----> [[ChromeDriver: chrome on windows (4c95eb742a135053d00f9bd0c7105754)] -> xpath: //select[@id='id_highest_education']] and then clicked by Enter Key<br>]]>
    </line>
    <line>
      <![CDATA[Sleeping ... zZz 2000<br>]]>
    </line>
    <line>
      <![CDATA[Bangladesh <-----> has been put into <-----> [[ChromeDriver: chrome on windows (4c95eb742a135053d00f9bd0c7105754)] -> xpath: //select[@id='id_country_of_origin']] and then clicked by Enter Key<br>]]>
    </line>
    <line>
      <![CDATA[Sleeping ... zZz 2000<br>]]>
    </line>
    <line>
      <![CDATA[English <-----> has been put into <-----> [[ChromeDriver: chrome on windows (4c95eb742a135053d00f9bd0c7105754)] -> xpath: //select[@id='id_primary_language']] and then clicked by Enter Key<br>]]>
    </line>
    <line>
      <![CDATA[Sleeping ... zZz 2000<br>]]>
    </line>
    <line>
      <![CDATA[Shuvo m Mirza <-----> has been put into <-----> [[ChromeDriver: chrome on windows (4c95eb742a135053d00f9bd0c7105754)] -> xpath: //input[@id='id_sign_by_name']] and then clicked by Enter Key<br>]]>
    </line>
    <line>
      <![CDATA[Sleeping ... zZz 2000<br>]]>
    </line>
    <line>
      <![CDATA[[[ChromeDriver: chrome on windows (4c95eb742a135053d00f9bd0c7105754)] -> xpath: //input[@id='is_agree']]<--------> has been clicked<br>]]>
    </line>
    <line>
      <![CDATA[Sleeping ... zZz 2000<br>]]>
    </line>
  </reporter-output>
  <suite started-at="2024-11-30T00:26:18 EST" name="Default suite" finished-at="2024-11-30T00:28:35 EST" duration-ms="136985">
    <groups>
    </groups>
    <test started-at="2024-11-30T00:26:18 EST" name="Default test" finished-at="2024-11-30T00:28:35 EST" duration-ms="136985">
      <class name="allPageTestIng.HomePageTesting">
        <test-method is-config="true" signature="setup()[pri:0, instance:allPageTestIng.HomePageTesting@793be5ca]" started-at="2024-11-30T00:26:18 EST" name="setup" finished-at="2024-11-30T00:26:23 EST" duration-ms="4851" status="PASS">
          <reporter-output>
          </reporter-output>
        </test-method> <!-- setup -->
        <test-method signature="clickAutomationEnrollNowtest()[pri:0, instance:allPageTestIng.HomePageTesting@793be5ca]" started-at="2024-11-30T00:26:23 EST" name="clickAutomationEnrollNowtest" finished-at="2024-11-30T00:28:35 EST" duration-ms="132041" status="PASS">
          <reporter-output>
            <line>
              <![CDATA[Sleeping ... zZz 2000<br>]]>
            </line>
            <line>
              <![CDATA[[[ChromeDriver: chrome on windows (4c95eb742a135053d00f9bd0c7105754)] -> id: login-link]<--------> has been clicked<br>]]>
            </line>
            <line>
              <![CDATA[Sleeping ... zZz 2000<br>]]>
            </line>
            <line>
              <![CDATA[Sleeping ... zZz 2000<br>]]>
            </line>
            <line>
              <![CDATA[[[ChromeDriver: chrome on windows (4c95eb742a135053d00f9bd0c7105754)] -> xpath: //input[@id='emails' and @class='form-control form-control-lg']]<--------> has been clicked<br>]]>
            </line>
            <line>
              <![CDATA[Sleeping ... zZz 2000<br>]]>
            </line>
            <line>
              <![CDATA[Sleeping ... zZz 2000<br>]]>
            </line>
            <line>
              <![CDATA[[[ChromeDriver: chrome on windows (4c95eb742a135053d00f9bd0c7105754)] -> xpath: //*[@id='password' and @class='form-control form-control-lg']]<--------> has been clicked<br>]]>
            </line>
            <line>
              <![CDATA[Sleeping ... zZz 2000<br>]]>
            </line>
            <line>
              <![CDATA[Sleeping ... zZz 2000<br>]]>
            </line>
            <line>
              <![CDATA[Proxy element for: DefaultElementLocator 'By.xpath: //*[@id='login' and@class='btn btn-lg px-5']'<--------> has been clicked<br>]]>
            </line>
            <line>
              <![CDATA[Sleeping ... zZz 3000<br>]]>
            </line>
            <line>
              <![CDATA[[[ChromeDriver: chrome on windows (4c95eb742a135053d00f9bd0c7105754)] -> xpath: //span[text()='Automation']]<--------> has been clicked<br>]]>
            </line>
            <line>
              <![CDATA[Sleeping ... zZz 2000<br>]]>
            </line>
            <line>
              <![CDATA[Sleeping ... zZz 3000<br>]]>
            </line>
            <line>
              <![CDATA[[[ChromeDriver: chrome on windows (4c95eb742a135053d00f9bd0c7105754)] -> xpath: //a[text()='Enroll Now']]<--------> has been clicked<br>]]>
            </line>
            <line>
              <![CDATA[Total Windows Opened: 2<br>]]>
            </line>
            <line>
              <![CDATA[ The Window moved to --> 0D4D04BA3F75A4344FC190383AB19327<br>]]>
            </line>
            <line>
              <![CDATA[Sleeping ... zZz 2000<br>]]>
            </line>
            <line>
              <![CDATA[[[ChromeDriver: chrome on windows (4c95eb742a135053d00f9bd0c7105754)] -> xpath: //input[@name='f_name']]<--------> has been clicked<br>]]>
            </line>
            <line>
              <![CDATA[Sleeping ... zZz 2000<br>]]>
            </line>
            <line>
              <![CDATA[Shuvo <-----> has been put into <-----> [[ChromeDriver: chrome on windows (4c95eb742a135053d00f9bd0c7105754)] -> xpath: //input[@name='f_name']] and then clicked by Enter Key<br>]]>
            </line>
            <line>
              <![CDATA[Sleeping ... zZz 2000<br>]]>
            </line>
            <line>
              <![CDATA[M <-----> has been put into <-----> [[ChromeDriver: chrome on windows (4c95eb742a135053d00f9bd0c7105754)] -> xpath: //input[@name='m_name']] and then clicked by Enter Key<br>]]>
            </line>
            <line>
              <![CDATA[Sleeping ... zZz 2000<br>]]>
            </line>
            <line>
              <![CDATA[Mirza <-----> has been put into <-----> [[ChromeDriver: chrome on windows (4c95eb742a135053d00f9bd0c7105754)] -> xpath: //input[@name='l_name' and @class='form-control']]<br>]]>
            </line>
            <line>
              <![CDATA[Sleeping ... zZz 2000<br>]]>
            </line>
            <line>
              <![CDATA[a Student is present in the dropdpwn<br>]]>
            </line>
            <line>
              <![CDATA[Sleeping ... zZz 2000<br>]]>
            </line>
            <line>
              <![CDATA[a Staff is present in the dropdpwn<br>]]>
            </line>
            <line>
              <![CDATA[Sleeping ... zZz 2000<br>]]>
            </line>
            <line>
              <![CDATA[Employed is present in the dropdpwn<br>]]>
            </line>
            <line>
              <![CDATA[Sleeping ... zZz 2000<br>]]>
            </line>
            <line>
              <![CDATA[Unemployed is present in the dropdpwn<br>]]>
            </line>
            <line>
              <![CDATA[Sleeping ... zZz 2000<br>]]>
            </line>
            <line>
              <![CDATA[Other is present in the dropdpwn<br>]]>
            </line>
            <line>
              <![CDATA[Sleeping ... zZz 2000<br>]]>
            </line>
            <line>
              <![CDATA[Total Element: 5 is present in the dropdown<br>]]>
            </line>
            <line>
              <![CDATA[Sleeping ... zZz 2000<br>]]>
            </line>
            <line>
              <![CDATA[a Student has been selected from the dropdown of ---> [[ChromeDriver: chrome on windows (4c95eb742a135053d00f9bd0c7105754)] -> xpath: //select[@name='i_am']]<br>]]>
            </line>
            <line>
              <![CDATA[Sleeping ... zZz 2000<br>]]>
            </line>
            <line>
              <![CDATA[Python is present in the dropdpwn<br>]]>
            </line>
            <line>
              <![CDATA[Sleeping ... zZz 2000<br>]]>
            </line>
            <line>
              <![CDATA[Django is present in the dropdpwn<br>]]>
            </line>
            <line>
              <![CDATA[Sleeping ... zZz 2000<br>]]>
            </line>
            <line>
              <![CDATA[Total Element: 2 is present in the dropdown<br>]]>
            </line>
            <line>
              <![CDATA[Sleeping ... zZz 2000<br>]]>
            </line>
            <line>
              <![CDATA[Python has been selected from the dropdown of ---> [[ChromeDriver: chrome on windows (4c95eb742a135053d00f9bd0c7105754)] -> xpath: //*[@name='course_wish_to_enroll' and @class='form-control']]<br>]]>
            </line>
            <line>
              <![CDATA[Sleeping ... zZz 2000<br>]]>
            </line>
            <line>
              <![CDATA[9293306564 <-----> has been put into <-----> [[ChromeDriver: chrome on windows (4c95eb742a135053d00f9bd0c7105754)] -> xpath: //input[@name='phone']] and then clicked by Enter Key<br>]]>
            </line>
            <line>
              <![CDATA[Sleeping ... zZz 2000<br>]]>
            </line>
            <line>
              <![CDATA[MirzaShuvo79@gmail.com <-----> has been put into <-----> [[ChromeDriver: chrome on windows (4c95eb742a135053d00f9bd0c7105754)] -> xpath: //input[@id='id_email' and @name='email']] and then clicked by Enter Key<br>]]>
            </line>
            <line>
              <![CDATA[Sleeping ... zZz 2000<br>]]>
            </line>
            <line>
              <![CDATA[Muktar2024$ <-----> has been put into <-----> [[ChromeDriver: chrome on windows (4c95eb742a135053d00f9bd0c7105754)] -> xpath: //input[@id='id_password']] and then clicked by Enter Key<br>]]>
            </line>
            <line>
              <![CDATA[Sleeping ... zZz 2000<br>]]>
            </line>
            <line>
              <![CDATA[Male has been selected from the dropdown of ---> [[ChromeDriver: chrome on windows (4c95eb742a135053d00f9bd0c7105754)] -> xpath: //select[@id='id_gender']]<br>]]>
            </line>
            <line>
              <![CDATA[Sleeping ... zZz 2000<br>]]>
            </line>
            <line>
              <![CDATA[Screenshot cannot be captured<br>]]>
            </line>
            <line>
              <![CDATA[Sleeping ... zZz 2000<br>]]>
            </line>
            <line>
              <![CDATA[1989 has been selected from the dropdown of ---> [[ChromeDriver: chrome on windows (4c95eb742a135053d00f9bd0c7105754)] -> xpath: //select[@name='birth_year']]<br>]]>
            </line>
            <line>
              <![CDATA[Sleeping ... zZz 2000<br>]]>
            </line>
            <line>
              <![CDATA[December has been selected from the dropdown of ---> [[ChromeDriver: chrome on windows (4c95eb742a135053d00f9bd0c7105754)] -> xpath: //select[@name='birth_month']]<br>]]>
            </line>
            <line>
              <![CDATA[Sleeping ... zZz 2000<br>]]>
            </line>
            <line>
              <![CDATA[16 <-----> has been put into <-----> [[ChromeDriver: chrome on windows (4c95eb742a135053d00f9bd0c7105754)] -> xpath: //select[@name='birth_date']] and then clicked by Enter Key<br>]]>
            </line>
            <line>
              <![CDATA[Sleeping ... zZz 2000<br>]]>
            </line>
            <line>
              <![CDATA[2268 Seward Ave <-----> has been put into <-----> [[ChromeDriver: chrome on windows (4c95eb742a135053d00f9bd0c7105754)] -> xpath: //input[@name='home_address_line_1']] and then clicked by Enter Key<br>]]>
            </line>
            <line>
              <![CDATA[Sleeping ... zZz 2000<br>]]>
            </line>
            <line>
              <![CDATA[Apt 3 <-----> has been put into <-----> [[ChromeDriver: chrome on windows (4c95eb742a135053d00f9bd0c7105754)] -> xpath: //input[@name='home_address_line_2']] and then clicked by Enter Key<br>]]>
            </line>
            <line>
              <![CDATA[Sleeping ... zZz 2000<br>]]>
            </line>
            <line>
              <![CDATA[Bronx <-----> has been put into <-----> [[ChromeDriver: chrome on windows (4c95eb742a135053d00f9bd0c7105754)] -> xpath: //input[@id='id_city']] and then clicked by Enter Key<br>]]>
            </line>
            <line>
              <![CDATA[Sleeping ... zZz 2000<br>]]>
            </line>
            <line>
              <![CDATA[New York <-----> has been put into <-----> [[ChromeDriver: chrome on windows (4c95eb742a135053d00f9bd0c7105754)] -> xpath: //select[@id='id_state']] and then clicked by Enter Key<br>]]>
            </line>
            <line>
              <![CDATA[Sleeping ... zZz 2000<br>]]>
            </line>
            <line>
              <![CDATA[10473 <-----> has been put into <-----> [[ChromeDriver: chrome on windows (4c95eb742a135053d00f9bd0c7105754)] -> xpath: //input[@name='zip_code']] and then clicked by Enter Key<br>]]>
            </line>
            <line>
              <![CDATA[Sleeping ... zZz 2000<br>]]>
            </line>
            <line>
              <![CDATA[Citizen <-----> has been put into <-----> [[ChromeDriver: chrome on windows (4c95eb742a135053d00f9bd0c7105754)] -> xpath: //select[@name='immigration_status']] and then clicked by Enter Key<br>]]>
            </line>
            <line>
              <![CDATA[Sleeping ... zZz 2000<br>]]>
            </line>
            <line>
              <![CDATA[24th Jan 2013 <-----> has been put into <-----> [[ChromeDriver: chrome on windows (4c95eb742a135053d00f9bd0c7105754)] -> xpath: //input[@name='arrival_date']] and then clicked by Enter Key<br>]]>
            </line>
            <line>
              <![CDATA[Sleeping ... zZz 2000<br>]]>
            </line>
            <line>
              <![CDATA[9293306564 <-----> has been put into <-----> [[ChromeDriver: chrome on windows (4c95eb742a135053d00f9bd0c7105754)] -> xpath: //input[@id='id_emergency_contact']] and then clicked by Enter Key<br>]]>
            </line>
            <line>
              <![CDATA[Sleeping ... zZz 2000<br>]]>
            </line>
            <line>
              <![CDATA[Friends <-----> has been put into <-----> [[ChromeDriver: chrome on windows (4c95eb742a135053d00f9bd0c7105754)] -> xpath: //input[@id='id_know_us']] and then clicked by Enter Key<br>]]>
            </line>
            <line>
              <![CDATA[Sleeping ... zZz 2000<br>]]>
            </line>
            <line>
              <![CDATA[Graduate <-----> has been put into <-----> [[ChromeDriver: chrome on windows (4c95eb742a135053d00f9bd0c7105754)] -> xpath: //select[@id='id_highest_education']] and then clicked by Enter Key<br>]]>
            </line>
            <line>
              <![CDATA[Sleeping ... zZz 2000<br>]]>
            </line>
            <line>
              <![CDATA[Bangladesh <-----> has been put into <-----> [[ChromeDriver: chrome on windows (4c95eb742a135053d00f9bd0c7105754)] -> xpath: //select[@id='id_country_of_origin']] and then clicked by Enter Key<br>]]>
            </line>
            <line>
              <![CDATA[Sleeping ... zZz 2000<br>]]>
            </line>
            <line>
              <![CDATA[English <-----> has been put into <-----> [[ChromeDriver: chrome on windows (4c95eb742a135053d00f9bd0c7105754)] -> xpath: //select[@id='id_primary_language']] and then clicked by Enter Key<br>]]>
            </line>
            <line>
              <![CDATA[Sleeping ... zZz 2000<br>]]>
            </line>
            <line>
              <![CDATA[Shuvo m Mirza <-----> has been put into <-----> [[ChromeDriver: chrome on windows (4c95eb742a135053d00f9bd0c7105754)] -> xpath: //input[@id='id_sign_by_name']] and then clicked by Enter Key<br>]]>
            </line>
            <line>
              <![CDATA[Sleeping ... zZz 2000<br>]]>
            </line>
            <line>
              <![CDATA[[[ChromeDriver: chrome on windows (4c95eb742a135053d00f9bd0c7105754)] -> xpath: //input[@id='is_agree']]<--------> has been clicked<br>]]>
            </line>
            <line>
              <![CDATA[Sleeping ... zZz 2000<br>]]>
            </line>
          </reporter-output>
        </test-method> <!-- clickAutomationEnrollNowtest -->
        <test-method is-config="true" signature="tearUp()[pri:0, instance:allPageTestIng.HomePageTesting@793be5ca]" started-at="2024-11-30T00:28:35 EST" name="tearUp" finished-at="2024-11-30T00:28:35 EST" duration-ms="1" status="PASS">
          <reporter-output>
          </reporter-output>
        </test-method> <!-- tearUp -->
      </class> <!-- allPageTestIng.HomePageTesting -->
    </test> <!-- Default test -->
  </suite> <!-- Default suite -->
</testng-results>
