<?xml version="1.0" encoding="UTF-8"?>
<testng-results ignored="6" total="7" passed="1" failed="0" skipped="0">
  <reporter-output>
  </reporter-output>
  <suite started-at="2024-11-11T22:06:15 EST" name="Default suite" finished-at="2024-11-11T22:06:30 EST" duration-ms="14950">
    <groups>
    </groups>
    <test started-at="2024-11-11T22:06:15 EST" name="Default test" finished-at="2024-11-11T22:06:30 EST" duration-ms="14950">
      <class name="allPageTestIng.Home_Page_Testing">
        <test-method is-config="true" signature="setup()[pri:0, instance:allPageTestIng.Home_Page_Testing@b62d79]" started-at="2024-11-11T22:06:15 EST" name="setup" finished-at="2024-11-11T22:06:20 EST" duration-ms="4451" status="PASS">
          <reporter-output>
          </reporter-output>
        </test-method> <!-- setup -->
        <test-method signature="clickAboutUsTest()[pri:0, instance:allPageTestIng.Home_Page_Testing@b62d79]" started-at="2024-11-11T22:06:20 EST" name="clickAboutUsTest" finished-at="2024-11-11T22:06:30 EST" duration-ms="10431" status="PASS">
          <reporter-output>
          </reporter-output>
        </test-method> <!-- clickAboutUsTest -->
        <test-method is-config="true" signature="tearUp()[pri:0, instance:allPageTestIng.Home_Page_Testing@b62d79]" started-at="2024-11-11T22:06:30 EST" name="tearUp" finished-at="2024-11-11T22:06:30 EST" duration-ms="0" status="PASS">
          <reporter-output>
          </reporter-output>
        </test-method> <!-- tearUp -->
      </class> <!-- allPageTestIng.Home_Page_Testing -->
    </test> <!-- Default test -->
  </suite> <!-- Default suite -->
</testng-results>
