<?xml version="1.0" encoding="UTF-8"?>
<testng-results ignored="1" total="2" passed="1" failed="0" skipped="0">
  <reporter-output>
  </reporter-output>
  <suite started-at="2024-11-09T12:36:26 EST" name="Default suite" finished-at="2024-11-09T12:36:46 EST" duration-ms="20123">
    <groups>
    </groups>
    <test started-at="2024-11-09T12:36:26 EST" name="Default test" finished-at="2024-11-09T12:36:46 EST" duration-ms="20123">
      <class name="allPageTestIng.Home_Page_Testing">
        <test-method is-config="true" signature="setup()[pri:0, instance:allPageTestIng.Home_Page_Testing@51dcb805]" started-at="2024-11-09T12:36:26 EST" name="setup" finished-at="2024-11-09T12:36:35 EST" duration-ms="8719" status="PASS">
          <reporter-output>
          </reporter-output>
        </test-method> <!-- setup -->
        <test-method signature="clickLogoTest()[pri:0, instance:allPageTestIng.Home_Page_Testing@51dcb805]" started-at="2024-11-09T12:36:35 EST" name="clickLogoTest" finished-at="2024-11-09T12:36:46 EST" duration-ms="11293" status="PASS">
          <reporter-output>
          </reporter-output>
        </test-method> <!-- clickLogoTest -->
        <test-method is-config="true" signature="tearUp()[pri:0, instance:allPageTestIng.Home_Page_Testing@51dcb805]" started-at="2024-11-09T12:36:46 EST" name="tearUp" finished-at="2024-11-09T12:36:46 EST" duration-ms="1" status="PASS">
          <reporter-output>
          </reporter-output>
        </test-method> <!-- tearUp -->
      </class> <!-- allPageTestIng.Home_Page_Testing -->
    </test> <!-- Default test -->
  </suite> <!-- Default suite -->
</testng-results>
